<?xml version="1.0" encoding="UTF-8"?>
<!-- Generated by org.testng.reporters.JUnitReportReporter -->
<testsuite hostname="840-5CG8084HFR" failures="0" tests="1" name="pageTest.weCare.ClassTwo" time="0.004" errors="0" timestamp="08 Jul 2019 18:44:37 GMT" skipped="0">
  <testcase classname="pageTest.weCare.ClassTwo" name="testTwo" time="0.004"/>
</testsuite> <!-- pageTest.weCare.ClassTwo -->
