<?xml version="1.0" encoding="UTF-8"?>
<!-- Generated by org.testng.reporters.JUnitReportReporter -->
<testsuite hostname="840-5CG8084HFR" failures="0" tests="3" name="com.weCare.ClassOne" time="0.022" errors="0" timestamp="21 Jun 2019 14:08:20 GMT" skipped="0">
  <testcase classname="com.weCare.ClassOne" name="dependent" time="0.003"/>
  <testcase classname="com.weCare.ClassOne" name="priorityZero" time="0.017"/>
  <testcase classname="com.weCare.ClassOne" name="priorityOne" time="0.002"/>
</testsuite> <!-- com.weCare.ClassOne -->
