<?xml version="1.0" encoding="UTF-8"?>
<!-- Generated by org.testng.reporters.JUnitReportReporter -->
<testsuite hostname="840-5CG8084HFR" failures="0" tests="1" name="pageTest.weCare.DependsOn" time="0.000" errors="0" timestamp="05 Aug 2019 13:59:19 GMT" skipped="0">
  <testcase classname="pageTest.weCare.DependsOn" name="fun1" time="0.000"/>
</testsuite> <!-- pageTest.weCare.DependsOn -->
