<?xml version="1.0" encoding="UTF-8"?>
<!-- Generated by org.testng.reporters.JUnitReportReporter -->
<testsuite hostname="840-5CG8084HFR" failures="0" tests="1" name="pageTest.weCare.Testing" time="0.016" errors="0" timestamp="08 Aug 2019 19:22:26 GMT" skipped="0">
  <testcase classname="pageTest.weCare.Testing" name="test" time="0.016"/>
</testsuite> <!-- pageTest.weCare.Testing -->
