<?xml version="1.0" encoding="UTF-8"?>
<!-- Generated by org.testng.reporters.JUnitReportReporter -->
<testsuite hostname="840-5CG8084HFR" failures="0" tests="4" name="excelToJsonConv.FileConv" time="21.414" errors="0" timestamp="2019-09-09T12:30:01 EDT" skipped="0">
  <testcase classname="excelToJsonConv.FileConv" name="init" time="11.354"/>
  <testcase classname="excelToJsonConv.FileConv" name="login" time="3.384"/>
  <testcase classname="excelToJsonConv.FileConv" name="login" time="3.328"/>
  <testcase classname="excelToJsonConv.FileConv" name="login" time="3.348"/>
</testsuite> <!-- excelToJsonConv.FileConv -->
