<?xml version="1.0" encoding="UTF-8"?>
<!-- Generated by org.testng.reporters.JUnitReportReporter -->
<testsuite hostname="840-5CG8084HFR" failures="0" tests="2" name="com.HRA.weCare.Hello" time="0.022" errors="0" timestamp="13 May 2019 21:14:57 GMT" skipped="0">
  <testcase classname="com.HRA.weCare.Hello" name="hello" time="0.020"/>
  <testcase classname="com.HRA.weCare.Hello" name="helloTow" time="0.002"/>
</testsuite> <!-- com.HRA.weCare.Hello -->
