<?xml version="1.0" encoding="UTF-8"?>
<!-- Generated by org.testng.reporters.JUnitReportReporter -->
<testsuite hostname="840-5CG8084HFR" failures="0" tests="1" name="excelToJsonConv.FileConv" time="0.363" errors="0" timestamp="2019-09-04T10:44:17 EDT" skipped="0">
  <testcase classname="excelToJsonConv.FileConv" name="jsonReading" time="0.363"/>
</testsuite> <!-- excelToJsonConv.FileConv -->
