<?xml version="1.0" encoding="UTF-8"?>
<!-- Generated by org.testng.reporters.JUnitReportReporter -->
<testsuite hostname="840-5CG8084HFR" failures="0" tests="2" name="com.weCare.ClassTwo" time="0.006" errors="0" timestamp="21 Jun 2019 14:08:19 GMT" skipped="0">
  <testcase classname="com.weCare.ClassTwo" name="secondTwo" time="0.002"/>
  <testcase classname="com.weCare.ClassTwo" name="secondOne" time="0.004"/>
</testsuite> <!-- com.weCare.ClassTwo -->
