<?xml version="1.0" encoding="UTF-8"?>
<!-- Generated by org.testng.reporters.JUnitReportReporter -->
<testsuite hostname="840-5CG8084HFR" failures="0" tests="4" name="excelToJsonConv.FileConv" time="22.340" errors="0" timestamp="2019-09-19T12:27:15 EDT" skipped="0">
  <testcase classname="excelToJsonConv.FileConv" name="init" time="12.125"/>
  <testcase classname="excelToJsonConv.FileConv" name="login" time="3.501"/>
  <testcase classname="excelToJsonConv.FileConv" name="login" time="3.367"/>
  <testcase classname="excelToJsonConv.FileConv" name="login" time="3.347"/>
</testsuite> <!-- excelToJsonConv.FileConv -->
