<?xml version="1.0" encoding="UTF-8"?>
<!-- Generated by org.testng.reporters.JUnitReportReporter -->
<testsuite hostname="840-5CG8084HFR" failures="0" tests="1" name="pageTest.weCare.Testing" time="0.066" errors="0" timestamp="2019-09-20T12:25:27 EDT" skipped="0">
  <testcase classname="pageTest.weCare.Testing" name="test" time="0.066"/>
</testsuite> <!-- pageTest.weCare.Testing -->
