<?xml version="1.0" encoding="UTF-8"?>
<!-- Generated by org.testng.reporters.JUnitReportReporter -->
<testsuite hostname="840-5CG8084HFR" failures="0" tests="1" name="com.weCare.testPage.TestClass" time="0.755" errors="0" timestamp="24 May 2019 15:20:14 GMT" skipped="0">
  <testcase classname="com.weCare.testPage.TestClass" name="test1" time="0.755"/>
</testsuite> <!-- com.weCare.testPage.TestClass -->
